::1 - - [18/Nov/2022:01:50:27 +0000] "POST /api/v1/buildings HTTP/1.1" 200 359 "-" "PostmanRuntime/7.29.2"
::1 - - [18/Nov/2022:01:56:46 +0000] "POST /api/v1/buildings HTTP/1.1" 200 2242 "-" "PostmanRuntime/7.29.2"
::1 - - [18/Nov/2022:01:57:38 +0000] "GET /api/v1/buildings HTTP/1.1" 200 4691 "-" "PostmanRuntime/7.29.2"
::1 - - [18/Nov/2022:02:07:52 +0000] "POST /api/v1/buildings HTTP/1.1" 500 956 "-" "PostmanRuntime/7.29.2"
::1 - - [18/Nov/2022:02:08:23 +0000] "POST /api/v1/buildings HTTP/1.1" 200 2242 "-" "PostmanRuntime/7.29.2"
::1 - - [18/Nov/2022:02:12:28 +0000] "GET /api/v1/buildings HTTP/1.1" 500 956 "-" "PostmanRuntime/7.29.2"
::1 - - [18/Nov/2022:02:13:09 +0000] "GET /api/v1/buildings HTTP/1.1" 200 6858 "-" "PostmanRuntime/7.29.2"
::1 - - [18/Nov/2022:02:14:01 +0000] "GET /api/v1/buildings HTTP/1.1" 500 117 "-" "PostmanRuntime/7.29.2"
::1 - - [18/Nov/2022:02:14:07 +0000] "GET /api/v1/buildings HTTP/1.1" 200 6858 "-" "PostmanRuntime/7.29.2"
::1 - - [18/Nov/2022:02:14:53 +0000] "GET /api/v1/buildings HTTP/1.1" 200 6858 "-" "PostmanRuntime/7.29.2"
::1 - - [18/Nov/2022:02:18:16 +0000] "PUT /api/v1/projects/6375a772d390b9a950dca2a0 HTTP/1.1" 200 240 "-" "PostmanRuntime/7.29.2"
::1 - - [18/Nov/2022:02:18:35 +0000] "GET /api/v1/projects HTTP/1.1" 200 414 "-" "PostmanRuntime/7.29.2"
::1 - - [18/Nov/2022:02:22:18 +0000] "GET /api/v1/buildings HTTP/1.1" 200 6869 "-" "PostmanRuntime/7.29.2"
::1 - - [18/Nov/2022:02:23:35 +0000] "GET /api/v1/buildings/6376e91602017abbf6ebdacc HTTP/1.1" 200 6869 "-" "PostmanRuntime/7.29.2"
::1 - - [18/Nov/2022:02:25:28 +0000] "GET /api/v1/buildings/6376e91602017abbf6ebdacc HTTP/1.1" 500 117 "-" "PostmanRuntime/7.29.2"
::1 - - [18/Nov/2022:02:25:39 +0000] "GET /api/v1/buildings/6376e91602017abbf6ebdacc HTTP/1.1" 200 6901 "-" "PostmanRuntime/7.29.2"
::1 - - [18/Nov/2022:02:25:52 +0000] "GET /api/v1/buildings HTTP/1.1" 200 6869 "-" "PostmanRuntime/7.29.2"
::1 - - [18/Nov/2022:02:26:08 +0000] "GET /api/v1/buildings/6375c995c9d1f0b6e334a6a3 HTTP/1.1" 200 6901 "-" "PostmanRuntime/7.29.2"
::1 - - [18/Nov/2022:02:27:16 +0000] "GET /api/v1/projects HTTP/1.1" 200 414 "-" "PostmanRuntime/7.29.2"
::1 - - [18/Nov/2022:02:27:29 +0000] "GET /api/v1/buildings/6375a772d390b9a950dca2a0 HTTP/1.1" 200 6901 "-" "PostmanRuntime/7.29.2"
::1 - - [18/Nov/2022:02:27:54 +0000] "GET /api/v1/buildings/6375a6f6b8f5caa926d88d9a HTTP/1.1" 200 6901 "-" "PostmanRuntime/7.29.2"
::1 - - [18/Nov/2022:02:27:57 +0000] "GET /api/v1/buildings/6375a6f6b8f5caa926d88d9a HTTP/1.1" 200 6901 "-" "PostmanRuntime/7.29.2"
::1 - - [18/Nov/2022:02:31:47 +0000] "GET /api/v1/buildings HTTP/1.1" 200 6901 "-" "PostmanRuntime/7.29.2"
::1 - - [18/Nov/2022:02:32:12 +0000] "GET /api/v1/buildings/6376e91602017abbf6ebdacc HTTP/1.1" 200 2230 "-" "PostmanRuntime/7.29.2"
::1 - - [18/Nov/2022:02:34:34 +0000] "GET /api/v1/buildings/6376e91602017abbf6ebdacc HTTP/1.1" 200 2255 "-" "PostmanRuntime/7.29.2"
::1 - - [18/Nov/2022:02:43:28 +0000] "PUT /api/v1/buildings/id HTTP/1.1" 500 305 "-" "PostmanRuntime/7.29.2"
::1 - - [18/Nov/2022:02:43:45 +0000] "GET /api/v1/buildings/6376e91602017abbf6ebdacc HTTP/1.1" 200 2230 "-" "PostmanRuntime/7.29.2"
::1 - - [18/Nov/2022:02:44:01 +0000] "PUT /api/v1/buildings/6376e91602017abbf6ebdacc HTTP/1.1" 500 77 "-" "PostmanRuntime/7.29.2"
::1 - - [18/Nov/2022:02:44:54 +0000] "PUT /api/v1/buildings/6376e91602017abbf6ebdacc HTTP/1.1" 200 2225 "-" "PostmanRuntime/7.29.2"
::1 - - [18/Nov/2022:02:45:26 +0000] "GET /api/v1/buildings/6376e91602017abbf6ebdacc HTTP/1.1" 200 2226 "-" "PostmanRuntime/7.29.2"
::1 - - [18/Nov/2022:02:51:27 +0000] "GET /api/v1/buildings HTTP/1.1" 200 5163 "-" "PostmanRuntime/7.29.2"
::1 - - [18/Nov/2022:02:53:04 +0000] "POST /api/v1/buildings HTTP/1.1" 200 2241 "-" "PostmanRuntime/7.29.2"
::1 - - [18/Nov/2022:02:53:18 +0000] "POST /api/v1/buildings HTTP/1.1" 200 2241 "-" "PostmanRuntime/7.29.2"
::1 - - [18/Nov/2022:02:53:25 +0000] "POST /api/v1/buildings HTTP/1.1" 200 2241 "-" "PostmanRuntime/7.29.2"
::1 - - [18/Nov/2022:02:53:33 +0000] "POST /api/v1/buildings HTTP/1.1" 200 2241 "-" "PostmanRuntime/7.29.2"
::1 - - [18/Nov/2022:02:53:40 +0000] "POST /api/v1/buildings HTTP/1.1" 200 2241 "-" "PostmanRuntime/7.29.2"
::1 - - [18/Nov/2022:02:53:49 +0000] "POST /api/v1/buildings HTTP/1.1" 200 2241 "-" "PostmanRuntime/7.29.2"
::1 - - [18/Nov/2022:02:53:56 +0000] "POST /api/v1/buildings HTTP/1.1" 200 2241 "-" "PostmanRuntime/7.29.2"
::1 - - [18/Nov/2022:02:54:05 +0000] "POST /api/v1/buildings HTTP/1.1" 200 2241 "-" "PostmanRuntime/7.29.2"
::1 - - [18/Nov/2022:02:54:22 +0000] "GET /api/v1/buildings HTTP/1.1" 200 21833 "-" "PostmanRuntime/7.29.2"
::1 - - [18/Nov/2022:02:56:31 +0000] "GET /api/v1/buildings/6376e91602017abbf6ebdacc HTTP/1.1" 200 2226 "-" "PostmanRuntime/7.29.2"
::1 - - [18/Nov/2022:02:56:51 +0000] "GET /api/v1/buildings/6376f1a667923bc08df050ba HTTP/1.1" 404 99 "-" "PostmanRuntime/7.29.2"
::1 - - [18/Nov/2022:02:57:04 +0000] "GET /api/v1/buildings/6376f1a667923bc08df050ba HTTP/1.1" 404 99 "-" "PostmanRuntime/7.29.2"
::1 - - [18/Nov/2022:02:57:36 +0000] "GET /api/v1/buildings/6376f3c40b7bfdc0c5649ef8 HTTP/1.1" 200 2229 "-" "PostmanRuntime/7.29.2"
::1 - - [18/Nov/2022:02:58:33 +0000] "DELETE /api/v1/buildings/6376f3c40b7bfdc0c5649ef8 HTTP/1.1" 404 183 "-" "PostmanRuntime/7.29.2"
::1 - - [18/Nov/2022:02:59:18 +0000] "DELETE /api/v1/buildings/6376f3c40b7bfdc0c5649ef8 HTTP/1.1" 200 2228 "-" "PostmanRuntime/7.29.2"
::1 - - [18/Nov/2022:02:59:30 +0000] "GET /api/v1/buildings/6376f3c40b7bfdc0c5649ef8 HTTP/1.1" 404 99 "-" "PostmanRuntime/7.29.2"
::1 - - [18/Nov/2022:02:59:48 +0000] "DELETE /api/v1/buildings/6376f3c40b7bfdc0c5649ef8 HTTP/1.1" 404 124 "-" "PostmanRuntime/7.29.2"
::1 - - [18/Nov/2022:03:00:05 +0000] "GET /api/v1/buildings/6376f3c40b7bfdc0c5649ef8 HTTP/1.1" 404 99 "-" "PostmanRuntime/7.29.2"
