::1 - - [17/Nov/2022:02:53:06 +0000] "GET /api/v1/projects HTTP/1.1" 200 55 "-" "PostmanRuntime/7.29.2"
::1 - - [17/Nov/2022:02:54:30 +0000] "GET /api/v1/projects HTTP/1.1" 500 116 "-" "PostmanRuntime/7.29.2"
::1 - - [17/Nov/2022:02:54:56 +0000] "GET /api/v1/projects HTTP/1.1" 200 55 "-" "PostmanRuntime/7.29.2"
::1 - - [17/Nov/2022:03:13:03 +0000] "POST /api/v1/projects HTTP/1.1" 500 375 "-" "PostmanRuntime/7.29.2"
::1 - - [17/Nov/2022:03:14:07 +0000] "POST /api/v1/projects HTTP/1.1" 200 234 "-" "PostmanRuntime/7.29.2"
::1 - - [17/Nov/2022:03:14:34 +0000] "GET /api/v1/projects HTTP/1.1" 200 225 "-" "PostmanRuntime/7.29.2"
::1 - - [17/Nov/2022:03:14:46 +0000] "GET /api/v1/projects/6375a6f6b8f5caa926d88d9a HTTP/1.1" 500 78 "-" "PostmanRuntime/7.29.2"
::1 - - [17/Nov/2022:03:15:20 +0000] "GET /api/v1/projects/6375a6f6b8f5caa926d88d9a HTTP/1.1" 500 119 "-" "PostmanRuntime/7.29.2"
::1 - - [17/Nov/2022:03:15:25 +0000] "GET /api/v1/projects/6375a6f6b8f5caa926d88d9a HTTP/1.1" 200 223 "-" "PostmanRuntime/7.29.2"
::1 - - [17/Nov/2022:03:16:02 +0000] "POST /api/v1/projects HTTP/1.1" 200 234 "-" "PostmanRuntime/7.29.2"
::1 - - [17/Nov/2022:03:16:13 +0000] "GET /api/v1/projects HTTP/1.1" 200 396 "-" "PostmanRuntime/7.29.2"
::1 - - [17/Nov/2022:03:16:40 +0000] "GET /api/v1/projects/6375a772d390b9a950dca2a0 HTTP/1.1" 200 223 "-" "PostmanRuntime/7.29.2"
::1 - - [17/Nov/2022:04:02:38 +0000] "GET /api/v1/buildings HTTP/1.1" 200 65 "-" "PostmanRuntime/7.29.2"
::1 - - [17/Nov/2022:04:06:12 +0000] "PUT /api/v1/projects HTTP/1.1" 404 154 "-" "PostmanRuntime/7.29.2"
::1 - - [17/Nov/2022:04:07:20 +0000] "PUT /api/v1/projects/6375a772d390b9a950dca2a0 HTTP/1.1" 500 78 "-" "PostmanRuntime/7.29.2"
::1 - - [17/Nov/2022:04:08:07 +0000] "PUT /api/v1/projects/6375a772d390b9a950dca2a0 HTTP/1.1" 500 119 "-" "PostmanRuntime/7.29.2"
::1 - - [17/Nov/2022:04:08:14 +0000] "PUT /api/v1/projects/6375a772d390b9a950dca2a0 HTTP/1.1" 200 231 "-" "PostmanRuntime/7.29.2"
::1 - - [17/Nov/2022:04:08:57 +0000] "GET /api/v1/projects/6375a772d390b9a950dca2a0 HTTP/1.1" 200 241 "-" "PostmanRuntime/7.29.2"
::1 - - [17/Nov/2022:04:12:37 +0000] "POST /api/v1/projects HTTP/1.1" 200 194 "-" "PostmanRuntime/7.29.2"
::1 - - [17/Nov/2022:04:13:59 +0000] "GET /api/v1/projects HTTP/1.1" 200 545 "-" "PostmanRuntime/7.29.2"
::1 - - [17/Nov/2022:04:14:11 +0000] "DELETE /api/v1/projects/6375b4b5cc3844af716c736c HTTP/1.1" 200 182 "-" "PostmanRuntime/7.29.2"
::1 - - [17/Nov/2022:04:14:20 +0000] "GET /api/v1/projects HTTP/1.1" 200 414 "-" "PostmanRuntime/7.29.2"
::1 - - [17/Nov/2022:04:14:27 +0000] "GET /api/v1/buildings HTTP/1.1" 200 65 "-" "PostmanRuntime/7.29.2"
::1 - - [17/Nov/2022:05:10:22 +0000] "POST /api/v1/buildings HTTP/1.1" 500 440 "-" "PostmanRuntime/7.29.2"
::1 - - [17/Nov/2022:05:23:18 +0000] "POST /api/v1/buildings HTTP/1.1" 500 440 "-" "PostmanRuntime/7.29.2"
::1 - - [17/Nov/2022:05:38:12 +0000] "POST /api/v1/buildings HTTP/1.1" 404 109 "-" "PostmanRuntime/7.29.2"
::1 - - [17/Nov/2022:05:38:29 +0000] "POST /api/v1/buildings HTTP/1.1" 500 440 "-" "PostmanRuntime/7.29.2"
::1 - - [17/Nov/2022:05:40:07 +0000] "GET /api/v1/projects/6375a772d390b9a950dca2a0 HTTP/1.1" 200 241 "-" "PostmanRuntime/7.29.2"
::1 - - [17/Nov/2022:05:40:30 +0000] "POST /api/v1/buildings HTTP/1.1" 404 109 "-" "PostmanRuntime/7.29.2"
::1 - - [17/Nov/2022:05:41:42 +0000] "POST /api/v1/buildings HTTP/1.1" 200 275 "-" "PostmanRuntime/7.29.2"
::1 - - [17/Nov/2022:05:43:12 +0000] "GET /api/v1/buildings HTTP/1.1" 200 275 "-" "PostmanRuntime/7.29.2"
::1 - - [17/Nov/2022:05:44:28 +0000] "POST /api/v1/buildings HTTP/1.1" 200 291 "-" "PostmanRuntime/7.29.2"
::1 - - [17/Nov/2022:05:45:20 +0000] "POST /api/v1/buildings HTTP/1.1" 200 291 "-" "PostmanRuntime/7.29.2"
::1 - - [17/Nov/2022:05:47:24 +0000] "POST /api/v1/buildings HTTP/1.1" 200 291 "-" "PostmanRuntime/7.29.2"
::1 - - [17/Nov/2022:05:52:18 +0000] "POST /api/v1/buildings HTTP/1.1" 200 291 "-" "PostmanRuntime/7.29.2"
::1 - - [17/Nov/2022:05:53:25 +0000] "POST /api/v1/buildings HTTP/1.1" 200 292 "-" "PostmanRuntime/7.29.2"
::1 - - [17/Nov/2022:05:55:13 +0000] "POST /api/v1/buildings HTTP/1.1" 200 292 "-" "PostmanRuntime/7.29.2"
::1 - - [17/Nov/2022:06:03:03 +0000] "POST /api/v1/buildings HTTP/1.1" 200 267 "-" "PostmanRuntime/7.29.2"
::1 - - [17/Nov/2022:06:03:44 +0000] "POST /api/v1/buildings HTTP/1.1" 200 267 "-" "PostmanRuntime/7.29.2"
